Построение начато 29.11.2016 14:19:24.
     1>Проект "D:\Work\Coding\Github\repos\Integra\Integra\Integra.vcxproj" в узле 2 (целевые объекты Build).
     1>C:\Windows\Microsoft.NET\Framework\v4.0.30319\Microsoft.Common.Targets(2015,5): warning MSB3284: Не удается получить путь файла для библиотеки типа "307168c0-39ae-42ad-953f-a09f8a81520f" версии 1.0. Библиотека не зарегистрирована. (Исключение из HRESULT: 0x8002801D (TYPE_E_LIBNOTREGISTERED))
     1>Link:
         D:\soft\Visual Studio 2010\VC\bin\link.exe /ERRORREPORT:PROMPT /OUT:"D:\Work\Coding\Github\repos\Integra\Integra\Debug\Integra.exe" /INCREMENTAL:NO /NOLOGO /ASSEMBLYRESOURCE:Debug\Integra.AddDbAttrsForm.resources /ASSEMBLYRESOURCE:Debug\Integra.AddEditGroupForm.resources /ASSEMBLYRESOURCE:Debug\Integra.AddEditSchemaForm.resources /ASSEMBLYRESOURCE:Debug\Integra.AddEditSchemaForm2.resources /ASSEMBLYRESOURCE:Debug\Integra.AddEditSystemBookForm.resources /ASSEMBLYRESOURCE:Debug\Integra.AddGroupLinksForm.resources /ASSEMBLYRESOURCE:Debug\Integra.AddNewTableForm.resources /ASSEMBLYRESOURCE:Debug\Integra.AddSemAttrForm.resources /ASSEMBLYRESOURCE:Debug\Integra.AttrCompareForm.resources /ASSEMBLYRESOURCE:Debug\Integra.AutoSettingsForm.resources /ASSEMBLYRESOURCE:Debug\Integra.DbFiltersForm.resources /ASSEMBLYRESOURCE:Debug\Integra.DifferencesForm.resources /ASSEMBLYRESOURCE:Debug\Integra.EditForm.resources /ASSEMBLYRESOURCE:Debug\Integra.GroupParamsForm.resources /ASSEMBLYRESOURCE:Debug\Integra.LoginForm.resources /ASSEMBLYRESOURCE:Debug\Integra.MainForm.resources /ASSEMBLYRESOURCE:Debug\Integra.ManualIntegrationForm.resources /ASSEMBLYRESOURCE:Debug\Integra.Results.resources /ASSEMBLYRESOURCE:Debug\Integra.Results2.resources /ASSEMBLYRESOURCE:Debug\Integra.SettingsForm.resources /ASSEMBLYRESOURCE:Debug\Integra.TableLinksForm.resources /MANIFEST /ManifestFile:"Debug\Integra.exe.intermediate.manifest" /MANIFESTUAC:"level='asInvoker' uiAccess='false'" /DEBUG /PDB:"D:\Work\Coding\Github\repos\Integra\Integra\Debug\Integra.pdb" /ASSEMBLYDEBUG /SUBSYSTEM:WINDOWS /TLBID:1 /ENTRY:"main" /DYNAMICBASE /FIXED:NO /NXCOMPAT /MACHINE:X86 Debug\AddDbAttrsForm.obj
         Debug\AddEditGroupForm.obj
         Debug\AddEditSchemaForm.obj
         Debug\AddEditSchemaForm2.obj
         Debug\AddEditSystemBookForm.obj
         Debug\AddEditUserRole.obj
         Debug\AddGroupLinksForm.obj
         Debug\AddNewTableForm.obj
         Debug\AddNewUser.obj
         Debug\AddSemAttrForm.obj
         Debug\AttrCompareForm.obj
         Debug\AutoConfigsForm.obj
         Debug\AutoSettingsForm.obj
         Debug\DbFiltersForm.obj
         Debug\DifferencesForm.obj
         Debug\EditForm.obj
         Debug\GroupParamsForm.obj
         Debug\JournalChangesForm.obj
         Debug\LoginForm.obj
         Debug\MainForm.obj
         Debug\ManualIntegrationForm.obj
         Debug\NoticesForm.obj
         Debug\ODBCclass.obj
         Debug\Results.obj
         Debug\Results2.obj
         Debug\SettingsForm.obj
         Debug\TableLinksForm.obj
         "Debug\.NETFramework,Version=v4.0.AssemblyAttributes.obj"
         Integra.vcxproj -> D:\Work\Coding\Github\repos\Integra\Integra\Debug\Integra.exe
       Manifest:
         C:\Program Files (x86)\Microsoft SDKs\Windows\v7.0A\bin\mt.exe /nologo /verbose /outputresource:"D:\Work\Coding\Github\repos\Integra\Integra\Debug\Integra.exe;#1" /manifest Debug\Integra.exe.intermediate.manifest
     1>Построение проекта "D:\Work\Coding\Github\repos\Integra\Integra\Integra.vcxproj" завершено (целевые объекты Build).

Построение успешно завершено.

Затраченное время: 00:00:00.54
